c:\users\john\documents\github\cppfbp\cppfbpcomponents\release\cppfbpcomponents.pdb
c:\users\john\documents\github\cppfbp\cppfbpcomponents\release\dfs.obj
c:\users\john\documents\github\cppfbp\cppfbpcomponents\release\thsort.obj
c:\users\john\documents\github\cppfbp\cppfbpcomponents\release\threvers.obj
c:\users\john\documents\github\cppfbp\cppfbpcomponents\release\threplstr.obj
c:\users\john\documents\github\cppfbp\cppfbpcomponents\release\thpsthru.obj
c:\users\john\documents\github\cppfbp\cppfbpcomponents\release\thlua.obj
c:\users\john\documents\github\cppfbp\cppfbpcomponents\release\thgenips.obj
c:\users\john\documents\github\cppfbp\cppfbpcomponents\release\thfilewt.obj
c:\users\john\documents\github\cppfbp\cppfbpcomponents\release\thfilerd.obj
c:\users\john\documents\github\cppfbp\cppfbpcomponents\release\thdrop.obj
c:\users\john\documents\github\cppfbp\cppfbpcomponents\release\thcopynl.obj
c:\users\john\documents\github\cppfbp\cppfbpcomponents\release\thcopy.obj
c:\users\john\documents\github\cppfbp\cppfbpcomponents\release\thconcat.obj
c:\users\john\documents\github\cppfbp\cppfbpcomponents\release\stdafx.obj
c:\users\john\documents\github\cppfbp\cppfbpcomponents\release\subout.obj
c:\users\john\documents\github\cppfbp\cppfbpcomponents\release\subin.obj
c:\users\john\documents\github\cppfbp\cppfbpcomponents\release\infqueue.obj
c:\users\john\documents\github\cppfbp\release\cppfbpcomponents.lib
c:\users\john\documents\github\cppfbp\cppfbpcomponents\release\cppfbpcomponents.tlog\cl.command.1.tlog
c:\users\john\documents\github\cppfbp\cppfbpcomponents\release\cppfbpcomponents.tlog\cl.read.1.tlog
c:\users\john\documents\github\cppfbp\cppfbpcomponents\release\cppfbpcomponents.tlog\cl.write.1.tlog
c:\users\john\documents\github\cppfbp\cppfbpcomponents\release\cppfbpcomponents.tlog\lib-link.read.1.tlog
c:\users\john\documents\github\cppfbp\cppfbpcomponents\release\cppfbpcomponents.tlog\lib-link.write.1.tlog
c:\users\john\documents\github\cppfbp\cppfbpcomponents\release\cppfbpcomponents.tlog\lib.command.1.tlog
