c:\users\john\documents\github\cppfbp\cppfbpcore\release\cppfbpcore.pdb
c:\users\john\documents\github\cppfbp\cppfbpcore\release\stdafx.obj
c:\users\john\documents\github\cppfbp\cppfbpcore\release\thziclos.obj
c:\users\john\documents\github\cppfbp\cppfbpcore\release\thzsend.obj
c:\users\john\documents\github\cppfbp\cppfbpcore\release\thzrecv.obj
c:\users\john\documents\github\cppfbp\cppfbpcore\release\thzpush.obj
c:\users\john\documents\github\cppfbp\cppfbpcore\release\thzpop.obj
c:\users\john\documents\github\cppfbp\cppfbpcore\release\thzgsize.obj
c:\users\john\documents\github\cppfbp\cppfbpcore\release\thzelct.obj
c:\users\john\documents\github\cppfbp\cppfbpcore\release\thzdrop.obj
c:\users\john\documents\github\cppfbp\cppfbpcore\release\thzdfpt.obj
c:\users\john\documents\github\cppfbp\cppfbpcore\release\thzcrep.obj
c:\users\john\documents\github\cppfbp\cppfbpcore\release\thzclos.obj
c:\users\john\documents\github\cppfbp\cppfbpcore\release\thz.obj
c:\users\john\documents\github\cppfbp\cppfbpcore\release\thxscan.obj
c:\users\john\documents\github\cppfbp\cppfbpcore\release\thxgatrs.obj
c:\users\john\documents\github\cppfbp\cppfbpcore\release\thxbnet.obj
c:\users\john\documents\github\cppfbp\cppfbpcore\release\cppsub.obj
c:\users\john\documents\github\cppfbp\cppfbpcore\release\cppfbp.obj
c:\users\john\documents\github\cppfbp\cppfbpcore\release\network.obj
c:\users\john\documents\github\cppfbp\release\cppfbpcore.lib
c:\users\john\documents\github\cppfbp\cppfbpcore\release\cppfbpcore.tlog\cl.command.1.tlog
c:\users\john\documents\github\cppfbp\cppfbpcore\release\cppfbpcore.tlog\cl.read.1.tlog
c:\users\john\documents\github\cppfbp\cppfbpcore\release\cppfbpcore.tlog\cl.write.1.tlog
c:\users\john\documents\github\cppfbp\cppfbpcore\release\cppfbpcore.tlog\lib-link.read.1.tlog
c:\users\john\documents\github\cppfbp\cppfbpcore\release\cppfbpcore.tlog\lib-link.write.1.tlog
c:\users\john\documents\github\cppfbp\cppfbpcore\release\cppfbpcore.tlog\lib.command.1.tlog
